Removed Pin From Net: NetName=GND Pin=*-3
Add component (AddParameter): Name = "LatestRevisionDate"; Value = "17-Jul-2002"; VariantName = "[No Variations]"
Add component (AddParameter): Name = "LatestRevisionNote"; Value = "Re-released for DXP Platform."; VariantName = "[No Variations]"
Add component (AddParameter): Name = "Publisher"; Value = "Altium Limited"; VariantName = "[No Variations]"
Added Component: Designator=P?(HDR1X4)
Add component. Clean all parameters for all variants
Add component (AddParameter): Name = "LatestRevisionDate"; Value = "17-Jul-2002"; VariantName = "[No Variations]"
Add component (AddParameter): Name = "LatestRevisionNote"; Value = "Re-released for DXP Platform."; VariantName = "[No Variations]"
Add component (AddParameter): Name = "Publisher"; Value = "Altium Limited"; VariantName = "[No Variations]"
Added Pin To Net: NetName=GND Pin=P?-1
Added Pin To Net: NetName=RX_SIM Pin=*-0
Added Pin To Net: NetName=RX_SIM Pin=P?-2
Added Net: Name=RX_SIM
Added Pin To Net: NetName=TX_SIM Pin=*-1
Added Pin To Net: NetName=TX_SIM Pin=P?-3
Added Net: Name=TX_SIM
Added Pin To Net: NetName=VCC Pin=*-29
Added Pin To Net: NetName=VCC Pin=P?-4
Added Pin To Net: NetName=VCC Pin=Power-1
Added Net: Name=VCC
Added Member To Class: ClassName=Sche Member=Component P? Header 4
